<?xml version="1.0" encoding="UTF-8" ?>
<testsuite tests="7" failures="6" name="TestSuite" time="30.82" errors="0" skipped="0">
  <properties>
[...]
</properties>
  <testcase classname="com.mystore.testcases.AddToCartPageTest" name="AddtoCartTest" time="1.743">
    <failure message="unknown error: unexpected command response
  (Session info: chrome=103.0.5060.114)
Build info: version: &apos;4.1.4&apos;, revision: &apos;535d840ee2&apos;
System info: host: &apos;LV8CC73Z2&apos;, ip: &apos;172.19.176.1&apos;, os.name: &apos;Windows 10&apos;, os.arch: &apos;amd64&apos;, os.version: &apos;10.0&apos;, java.version: &apos;15.0.1&apos;
Driver info: org.openqa.selenium.chrome.ChromeDriver
Command: [da843217e173df2784b49a11a4ece4ee, actions {actions=[org.openqa.selenium.interactions.Sequence@4fc142ec]}]
Capabilities {acceptInsecureCerts: false, browserName: chrome, browserVersion: 103.0.5060.114, chrome: {chromedriverVersion: 103.0.5060.53 (a1711811edd7..., userDataDir: C:\Users\i25690\AppData\Loc...}, goog:chromeOptions: {debuggerAddress: localhost:61377}, javascriptEnabled: true, networkConnectionEnabled: false, pageLoadStrategy: normal, platform: WINDOWS, platformName: WINDOWS, proxy: Proxy(), se:cdp: ws://localhost:61377/devtoo..., se:cdpVersion: 103.0.5060.114, setWindowRect: true, strictFileInteractability: false, timeouts: {implicit: 0, pageLoad: 300000, script: 30000}, unhandledPromptBehavior: dismiss and notify, webauthn:extension:credBlob: true, webauthn:extension:largeBlob: true, webauthn:virtualAuthenticators: true}
Session ID: da843217e173df2784b49a11a4ece4ee" type="org.openqa.selenium.WebDriverException">org.openqa.selenium.WebDriverException: unknown error: unexpected command response
  (Session info: chrome=103.0.5060.114)
Build info: version: &apos;4.1.4&apos;, revision: &apos;535d840ee2&apos;
System info: host: &apos;LV8CC73Z2&apos;, ip: &apos;172.19.176.1&apos;, os.name: &apos;Windows 10&apos;, os.arch: &apos;amd64&apos;, os.version: &apos;10.0&apos;, java.version: &apos;15.0.1&apos;
Driver info: org.openqa.selenium.chrome.ChromeDriver
Command: [da843217e173df2784b49a11a4ece4ee, actions {actions=[org.openqa.selenium.interactions.Sequence@4fc142ec]}]
Capabilities {acceptInsecureCerts: false, browserName: chrome, browserVersion: 103.0.5060.114, chrome: {chromedriverVersion: 103.0.5060.53 (a1711811edd7..., userDataDir: C:\Users\i25690\AppData\Loc...}, goog:chromeOptions: {debuggerAddress: localhost:61377}, javascriptEnabled: true, networkConnectionEnabled: false, pageLoadStrategy: normal, platform: WINDOWS, platformName: WINDOWS, proxy: Proxy(), se:cdp: ws://localhost:61377/devtoo..., se:cdpVersion: 103.0.5060.114, setWindowRect: true, strictFileInteractability: false, timeouts: {implicit: 0, pageLoad: 300000, script: 30000}, unhandledPromptBehavior: dismiss and notify, webauthn:extension:credBlob: true, webauthn:extension:largeBlob: true, webauthn:virtualAuthenticators: true}
Session ID: da843217e173df2784b49a11a4ece4ee
	at java.base/jdk.internal.reflect.NativeConstructorAccessorImpl.newInstance0(Native Method)
	at java.base/jdk.internal.reflect.NativeConstructorAccessorImpl.newInstance(NativeConstructorAccessorImpl.java:64)
	at java.base/jdk.internal.reflect.DelegatingConstructorAccessorImpl.newInstance(DelegatingConstructorAccessorImpl.java:45)
	at java.base/java.lang.reflect.Constructor.newInstanceWithCaller(Constructor.java:500)
	at java.base/java.lang.reflect.Constructor.newInstance(Constructor.java:481)
	at org.openqa.selenium.remote.codec.w3c.W3CHttpResponseCodec.createException(W3CHttpResponseCodec.java:200)
	at org.openqa.selenium.remote.codec.w3c.W3CHttpResponseCodec.decode(W3CHttpResponseCodec.java:133)
	at org.openqa.selenium.remote.codec.w3c.W3CHttpResponseCodec.decode(W3CHttpResponseCodec.java:53)
	at org.openqa.selenium.remote.HttpCommandExecutor.execute(HttpCommandExecutor.java:184)
	at org.openqa.selenium.remote.service.DriverCommandExecutor.invokeExecute(DriverCommandExecutor.java:167)
	at org.openqa.selenium.remote.service.DriverCommandExecutor.execute(DriverCommandExecutor.java:142)
	at org.openqa.selenium.remote.RemoteWebDriver.execute(RemoteWebDriver.java:567)
	at org.openqa.selenium.remote.RemoteWebDriver.perform(RemoteWebDriver.java:635)
	at org.openqa.selenium.interactions.Actions$BuiltAction.perform(Actions.java:656)
	at com.mystore.actiondriver.Action.click(Action.java:79)
	at com.mystore.pageobject.IndexPage.SearchElement(IndexPage.java:45)
	at com.mystore.testcases.AddToCartPageTest.AddtoCartTest(AddToCartPageTest.java:40)
</failure>
    <system-out>Configuring TestNG with: org.apache.maven.surefire.testng.conf.TestNG652Configurator@396a51ab
Successfully entered value
</system-out>
    <system-err>[main] INFO io.github.bonigarcia.wdm.WebDriverManager - Using chromedriver 103.0.5060.53 (resolved driver for Chrome 103)
[main] INFO io.github.bonigarcia.wdm.WebDriverManager - Reading https://chromedriver.storage.googleapis.com/ to seek chromedriver
[main] INFO io.github.bonigarcia.wdm.online.Downloader - Downloading https://chromedriver.storage.googleapis.com/103.0.5060.53/chromedriver_win32.zip
[main] INFO io.github.bonigarcia.wdm.online.Downloader - Extracting driver from compressed file chromedriver_win32.zip
[main] INFO io.github.bonigarcia.wdm.WebDriverManager - Exporting webdriver.chrome.driver as C:\Users\i25690\.cache\selenium\chromedriver\win32\103.0.5060.53\chromedriver.exe
Starting ChromeDriver 103.0.5060.53 (a1711811edd74ff1cf2150f36ffa3b0dae40b17f-refs/branch-heads/5060@{#853}) on port 53972
Only local connections are allowed.
Please see https://chromedriver.chromium.org/security-considerations for suggestions on keeping ChromeDriver safe.
ChromeDriver was started successfully.
Jul 12, 2022 7:29:51 PM org.openqa.selenium.remote.ProtocolHandshake createSession
INFO: Detected dialect: W3C
Jul 12, 2022 7:29:52 PM org.openqa.selenium.devtools.CdpVersionFinder findNearestMatch
WARNING: Unable to find an exact match for CDP version 103, so returning the closest version found: 101
Jul 12, 2022 7:29:52 PM org.openqa.selenium.devtools.CdpVersionFinder findNearestMatch
INFO: Found CDP implementation for version 103 of 101
</system-err>
  </testcase>
  <testcase classname="com.mystore.testcases.HomePageTest" name="whilistTest" time="10.042">
    <failure message="java.lang.reflect.InvocationTargetException
Build info: version: &apos;4.1.4&apos;, revision: &apos;535d840ee2&apos;
System info: host: &apos;LV8CC73Z2&apos;, ip: &apos;172.19.176.1&apos;, os.name: &apos;Windows 10&apos;, os.arch: &apos;amd64&apos;, os.version: &apos;10.0&apos;, java.version: &apos;15.0.1&apos;
Driver info: org.openqa.selenium.chrome.ChromeDriver
Command: [42f1dbaa3db84acef533bf6a3b041ca8, actions {actions=[org.openqa.selenium.interactions.Sequence@7b122839]}]
Capabilities {acceptInsecureCerts: false, browserName: chrome, browserVersion: 103.0.5060.114, chrome: {chromedriverVersion: 103.0.5060.53 (a1711811edd7..., userDataDir: C:\Users\i25690\AppData\Loc...}, goog:chromeOptions: {debuggerAddress: localhost:61413}, javascriptEnabled: true, networkConnectionEnabled: false, pageLoadStrategy: normal, platform: WINDOWS, platformName: WINDOWS, proxy: Proxy(), se:cdp: ws://localhost:61413/devtoo..., se:cdpVersion: 103.0.5060.114, setWindowRect: true, strictFileInteractability: false, timeouts: {implicit: 0, pageLoad: 300000, script: 30000}, unhandledPromptBehavior: dismiss and notify, webauthn:extension:credBlob: true, webauthn:extension:largeBlob: true, webauthn:virtualAuthenticators: true}
Session ID: 42f1dbaa3db84acef533bf6a3b041ca8" type="org.openqa.selenium.json.JsonException">org.openqa.selenium.json.JsonException: java.lang.reflect.InvocationTargetException
Build info: version: &apos;4.1.4&apos;, revision: &apos;535d840ee2&apos;
System info: host: &apos;LV8CC73Z2&apos;, ip: &apos;172.19.176.1&apos;, os.name: &apos;Windows 10&apos;, os.arch: &apos;amd64&apos;, os.version: &apos;10.0&apos;, java.version: &apos;15.0.1&apos;
Driver info: org.openqa.selenium.chrome.ChromeDriver
Command: [42f1dbaa3db84acef533bf6a3b041ca8, actions {actions=[org.openqa.selenium.interactions.Sequence@7b122839]}]
Capabilities {acceptInsecureCerts: false, browserName: chrome, browserVersion: 103.0.5060.114, chrome: {chromedriverVersion: 103.0.5060.53 (a1711811edd7..., userDataDir: C:\Users\i25690\AppData\Loc...}, goog:chromeOptions: {debuggerAddress: localhost:61413}, javascriptEnabled: true, networkConnectionEnabled: false, pageLoadStrategy: normal, platform: WINDOWS, platformName: WINDOWS, proxy: Proxy(), se:cdp: ws://localhost:61413/devtoo..., se:cdpVersion: 103.0.5060.114, setWindowRect: true, strictFileInteractability: false, timeouts: {implicit: 0, pageLoad: 300000, script: 30000}, unhandledPromptBehavior: dismiss and notify, webauthn:extension:credBlob: true, webauthn:extension:largeBlob: true, webauthn:virtualAuthenticators: true}
Session ID: 42f1dbaa3db84acef533bf6a3b041ca8
	at org.openqa.selenium.json.JsonOutput.convertUsingMethod(JsonOutput.java:362)
	at org.openqa.selenium.json.JsonOutput.lambda$new$16(JsonOutput.java:154)
	at org.openqa.selenium.json.JsonOutput.write(JsonOutput.java:287)
	at org.openqa.selenium.json.JsonOutput.lambda$new$22(JsonOutput.java:169)
	at java.base/java.util.stream.ForEachOps$ForEachOp$OfRef.accept(ForEachOps.java:183)
	at java.base/java.util.stream.ReferencePipeline$2$1.accept(ReferencePipeline.java:177)
	at java.base/java.util.Iterator.forEachRemaining(Iterator.java:133)
	at java.base/java.util.Spliterators$IteratorSpliterator.forEachRemaining(Spliterators.java:1801)
	at java.base/java.util.stream.AbstractPipeline.copyInto(AbstractPipeline.java:484)
	at java.base/java.util.stream.AbstractPipeline.wrapAndCopyInto(AbstractPipeline.java:474)
	at java.base/java.util.stream.ForEachOps$ForEachOp.evaluateSequential(ForEachOps.java:150)
	at java.base/java.util.stream.ForEachOps$ForEachOp$OfRef.evaluateSequential(ForEachOps.java:173)
	at java.base/java.util.stream.AbstractPipeline.evaluate(AbstractPipeline.java:234)
	at java.base/java.util.stream.ReferencePipeline.forEach(ReferencePipeline.java:497)
	at org.openqa.selenium.json.JsonOutput.lambda$new$23(JsonOutput.java:169)
	at org.openqa.selenium.json.JsonOutput.write(JsonOutput.java:287)
	at org.openqa.selenium.json.JsonOutput.lambda$new$24(JsonOutput.java:182)
	at com.google.common.collect.SingletonImmutableBiMap.forEach(SingletonImmutableBiMap.java:68)
	at org.openqa.selenium.json.JsonOutput.lambda$new$25(JsonOutput.java:177)
	at org.openqa.selenium.json.JsonOutput.write(JsonOutput.java:287)
	at org.openqa.selenium.json.JsonOutput.write(JsonOutput.java:278)
	at org.openqa.selenium.json.Json.toJson(Json.java:42)
	at org.openqa.selenium.remote.codec.AbstractHttpCommandCodec.encode(AbstractHttpCommandCodec.java:259)
	at org.openqa.selenium.remote.codec.AbstractHttpCommandCodec.encode(AbstractHttpCommandCodec.java:127)
	at org.openqa.selenium.remote.HttpCommandExecutor.execute(HttpCommandExecutor.java:172)
	at org.openqa.selenium.remote.service.DriverCommandExecutor.invokeExecute(DriverCommandExecutor.java:167)
	at org.openqa.selenium.remote.service.DriverCommandExecutor.execute(DriverCommandExecutor.java:142)
	at org.openqa.selenium.remote.RemoteWebDriver.execute(RemoteWebDriver.java:567)
	at org.openqa.selenium.remote.RemoteWebDriver.perform(RemoteWebDriver.java:635)
	at org.openqa.selenium.interactions.Actions$BuiltAction.perform(Actions.java:656)
	at com.mystore.actiondriver.Action.click(Action.java:79)
	at com.mystore.pageobject.IndexPage.ClickSignBtn(IndexPage.java:30)
	at com.mystore.testcases.HomePageTest.whilistTest(HomePageTest.java:40)
Caused by: java.lang.reflect.InvocationTargetException
	at java.base/jdk.internal.reflect.NativeMethodAccessorImpl.invoke0(Native Method)
	at java.base/jdk.internal.reflect.NativeMethodAccessorImpl.invoke(NativeMethodAccessorImpl.java:64)
	at java.base/jdk.internal.reflect.DelegatingMethodAccessorImpl.invoke(DelegatingMethodAccessorImpl.java:43)
	at java.base/java.lang.reflect.Method.invoke(Method.java:564)
	at org.openqa.selenium.json.JsonOutput.convertUsingMethod(JsonOutput.java:358)
	... 70 more
Caused by: org.openqa.selenium.NoSuchElementException: no such element: Unable to locate element: {&quot;method&quot;:&quot;xpath&quot;,&quot;selector&quot;:&quot;//a[normalize-space()=&apos;Sign in&apos;]&quot;}
  (Session info: chrome=103.0.5060.114)
For documentation on this error, please visit: https://selenium.dev/exceptions/#no_such_element
Build info: version: &apos;4.1.4&apos;, revision: &apos;535d840ee2&apos;
System info: host: &apos;LV8CC73Z2&apos;, ip: &apos;172.19.176.1&apos;, os.name: &apos;Windows 10&apos;, os.arch: &apos;amd64&apos;, os.version: &apos;10.0&apos;, java.version: &apos;15.0.1&apos;
Driver info: org.openqa.selenium.chrome.ChromeDriver
Command: [42f1dbaa3db84acef533bf6a3b041ca8, findElement {using=xpath, value=//a[normalize-space()=&apos;Sign in&apos;]}]
Capabilities {acceptInsecureCerts: false, browserName: chrome, browserVersion: 103.0.5060.114, chrome: {chromedriverVersion: 103.0.5060.53 (a1711811edd7..., userDataDir: C:\Users\i25690\AppData\Loc...}, goog:chromeOptions: {debuggerAddress: localhost:61413}, javascriptEnabled: true, networkConnectionEnabled: false, pageLoadStrategy: normal, platform: WINDOWS, platformName: WINDOWS, proxy: Proxy(), se:cdp: ws://localhost:61413/devtoo..., se:cdpVersion: 103.0.5060.114, setWindowRect: true, strictFileInteractability: false, timeouts: {implicit: 0, pageLoad: 300000, script: 30000}, unhandledPromptBehavior: dismiss and notify, webauthn:extension:credBlob: true, webauthn:extension:largeBlob: true, webauthn:virtualAuthenticators: true}
Session ID: 42f1dbaa3db84acef533bf6a3b041ca8
	at java.base/jdk.internal.reflect.NativeConstructorAccessorImpl.newInstance0(Native Method)
	at java.base/jdk.internal.reflect.NativeConstructorAccessorImpl.newInstance(NativeConstructorAccessorImpl.java:64)
	at java.base/jdk.internal.reflect.DelegatingConstructorAccessorImpl.newInstance(DelegatingConstructorAccessorImpl.java:45)
	at java.base/java.lang.reflect.Constructor.newInstanceWithCaller(Constructor.java:500)
	at java.base/java.lang.reflect.Constructor.newInstance(Constructor.java:481)
	at org.openqa.selenium.remote.codec.w3c.W3CHttpResponseCodec.createException(W3CHttpResponseCodec.java:200)
	at org.openqa.selenium.remote.codec.w3c.W3CHttpResponseCodec.decode(W3CHttpResponseCodec.java:133)
	at org.openqa.selenium.remote.codec.w3c.W3CHttpResponseCodec.decode(W3CHttpResponseCodec.java:53)
	at org.openqa.selenium.remote.HttpCommandExecutor.execute(HttpCommandExecutor.java:184)
	at org.openqa.selenium.remote.service.DriverCommandExecutor.invokeExecute(DriverCommandExecutor.java:167)
	at org.openqa.selenium.remote.service.DriverCommandExecutor.execute(DriverCommandExecutor.java:142)
	at org.openqa.selenium.remote.RemoteWebDriver.execute(RemoteWebDriver.java:567)
	at org.openqa.selenium.remote.ElementLocation$ElementFinder$2.findElement(ElementLocation.java:162)
	at org.openqa.selenium.remote.ElementLocation.findElement(ElementLocation.java:60)
	at org.openqa.selenium.remote.RemoteWebDriver.findElement(RemoteWebDriver.java:385)
	at org.openqa.selenium.remote.RemoteWebDriver.findElement(RemoteWebDriver.java:377)
	at org.openqa.selenium.support.pagefactory.DefaultElementLocator.findElement(DefaultElementLocator.java:70)
	at org.openqa.selenium.support.pagefactory.internal.LocatingElementHandler.invoke(LocatingElementHandler.java:39)
	at com.sun.proxy.$Proxy13.getWrappedElement(Unknown Source)
	at org.openqa.selenium.interactions.PointerInput$Origin.asArg(PointerInput.java:234)
	at org.openqa.selenium.interactions.PointerInput$Move.encode(PointerInput.java:185)
	at org.openqa.selenium.interactions.Sequence.encode(Sequence.java:73)
	at org.openqa.selenium.interactions.Sequence.toJson(Sequence.java:82)
	... 75 more
</failure>
    <system-err>[main] INFO io.github.bonigarcia.wdm.WebDriverManager - Using chromedriver 103.0.5060.53 (resolved driver for Chrome 103)
[main] INFO io.github.bonigarcia.wdm.WebDriverManager - Exporting webdriver.chrome.driver as C:\Users\i25690\.cache\selenium\chromedriver\win32\103.0.5060.53\chromedriver.exe
Starting ChromeDriver 103.0.5060.53 (a1711811edd74ff1cf2150f36ffa3b0dae40b17f-refs/branch-heads/5060@{#853}) on port 56274
Only local connections are allowed.
Please see https://chromedriver.chromium.org/security-considerations for suggestions on keeping ChromeDriver safe.
ChromeDriver was started successfully.
Jul 12, 2022 7:30:04 PM org.openqa.selenium.remote.ProtocolHandshake createSession
INFO: Detected dialect: W3C
Jul 12, 2022 7:30:04 PM org.openqa.selenium.devtools.CdpVersionFinder findNearestMatch
WARNING: Unable to find an exact match for CDP version 103, so returning the closest version found: 101
Jul 12, 2022 7:30:04 PM org.openqa.selenium.devtools.CdpVersionFinder findNearestMatch
INFO: Found CDP implementation for version 103 of 101
</system-err>
  </testcase>
  <testcase classname="com.mystore.testcases.IndexPageTest" name="verifytitle" time="0.013"/>
  <testcase classname="com.mystore.testcases.LoginPageTest" name="LoginTest" time="10.049">
    <failure message="java.lang.reflect.InvocationTargetException
Build info: version: &apos;4.1.4&apos;, revision: &apos;535d840ee2&apos;
System info: host: &apos;LV8CC73Z2&apos;, ip: &apos;172.19.176.1&apos;, os.name: &apos;Windows 10&apos;, os.arch: &apos;amd64&apos;, os.version: &apos;10.0&apos;, java.version: &apos;15.0.1&apos;
Driver info: org.openqa.selenium.chrome.ChromeDriver
Command: [fd8de30fa1094792dacc80442135aec0, actions {actions=[org.openqa.selenium.interactions.Sequence@692dba54]}]
Capabilities {acceptInsecureCerts: false, browserName: chrome, browserVersion: 103.0.5060.114, chrome: {chromedriverVersion: 103.0.5060.53 (a1711811edd7..., userDataDir: C:\Users\i25690\AppData\Loc...}, goog:chromeOptions: {debuggerAddress: localhost:61480}, javascriptEnabled: true, networkConnectionEnabled: false, pageLoadStrategy: normal, platform: WINDOWS, platformName: WINDOWS, proxy: Proxy(), se:cdp: ws://localhost:61480/devtoo..., se:cdpVersion: 103.0.5060.114, setWindowRect: true, strictFileInteractability: false, timeouts: {implicit: 0, pageLoad: 300000, script: 30000}, unhandledPromptBehavior: dismiss and notify, webauthn:extension:credBlob: true, webauthn:extension:largeBlob: true, webauthn:virtualAuthenticators: true}
Session ID: fd8de30fa1094792dacc80442135aec0" type="org.openqa.selenium.json.JsonException">org.openqa.selenium.json.JsonException: java.lang.reflect.InvocationTargetException
Build info: version: &apos;4.1.4&apos;, revision: &apos;535d840ee2&apos;
System info: host: &apos;LV8CC73Z2&apos;, ip: &apos;172.19.176.1&apos;, os.name: &apos;Windows 10&apos;, os.arch: &apos;amd64&apos;, os.version: &apos;10.0&apos;, java.version: &apos;15.0.1&apos;
Driver info: org.openqa.selenium.chrome.ChromeDriver
Command: [fd8de30fa1094792dacc80442135aec0, actions {actions=[org.openqa.selenium.interactions.Sequence@692dba54]}]
Capabilities {acceptInsecureCerts: false, browserName: chrome, browserVersion: 103.0.5060.114, chrome: {chromedriverVersion: 103.0.5060.53 (a1711811edd7..., userDataDir: C:\Users\i25690\AppData\Loc...}, goog:chromeOptions: {debuggerAddress: localhost:61480}, javascriptEnabled: true, networkConnectionEnabled: false, pageLoadStrategy: normal, platform: WINDOWS, platformName: WINDOWS, proxy: Proxy(), se:cdp: ws://localhost:61480/devtoo..., se:cdpVersion: 103.0.5060.114, setWindowRect: true, strictFileInteractability: false, timeouts: {implicit: 0, pageLoad: 300000, script: 30000}, unhandledPromptBehavior: dismiss and notify, webauthn:extension:credBlob: true, webauthn:extension:largeBlob: true, webauthn:virtualAuthenticators: true}
Session ID: fd8de30fa1094792dacc80442135aec0
	at org.openqa.selenium.json.JsonOutput.convertUsingMethod(JsonOutput.java:362)
	at org.openqa.selenium.json.JsonOutput.lambda$new$16(JsonOutput.java:154)
	at org.openqa.selenium.json.JsonOutput.write(JsonOutput.java:287)
	at org.openqa.selenium.json.JsonOutput.lambda$new$22(JsonOutput.java:169)
	at java.base/java.util.stream.ForEachOps$ForEachOp$OfRef.accept(ForEachOps.java:183)
	at java.base/java.util.stream.ReferencePipeline$2$1.accept(ReferencePipeline.java:177)
	at java.base/java.util.Iterator.forEachRemaining(Iterator.java:133)
	at java.base/java.util.Spliterators$IteratorSpliterator.forEachRemaining(Spliterators.java:1801)
	at java.base/java.util.stream.AbstractPipeline.copyInto(AbstractPipeline.java:484)
	at java.base/java.util.stream.AbstractPipeline.wrapAndCopyInto(AbstractPipeline.java:474)
	at java.base/java.util.stream.ForEachOps$ForEachOp.evaluateSequential(ForEachOps.java:150)
	at java.base/java.util.stream.ForEachOps$ForEachOp$OfRef.evaluateSequential(ForEachOps.java:173)
	at java.base/java.util.stream.AbstractPipeline.evaluate(AbstractPipeline.java:234)
	at java.base/java.util.stream.ReferencePipeline.forEach(ReferencePipeline.java:497)
	at org.openqa.selenium.json.JsonOutput.lambda$new$23(JsonOutput.java:169)
	at org.openqa.selenium.json.JsonOutput.write(JsonOutput.java:287)
	at org.openqa.selenium.json.JsonOutput.lambda$new$24(JsonOutput.java:182)
	at com.google.common.collect.SingletonImmutableBiMap.forEach(SingletonImmutableBiMap.java:68)
	at org.openqa.selenium.json.JsonOutput.lambda$new$25(JsonOutput.java:177)
	at org.openqa.selenium.json.JsonOutput.write(JsonOutput.java:287)
	at org.openqa.selenium.json.JsonOutput.write(JsonOutput.java:278)
	at org.openqa.selenium.json.Json.toJson(Json.java:42)
	at org.openqa.selenium.remote.codec.AbstractHttpCommandCodec.encode(AbstractHttpCommandCodec.java:259)
	at org.openqa.selenium.remote.codec.AbstractHttpCommandCodec.encode(AbstractHttpCommandCodec.java:127)
	at org.openqa.selenium.remote.HttpCommandExecutor.execute(HttpCommandExecutor.java:172)
	at org.openqa.selenium.remote.service.DriverCommandExecutor.invokeExecute(DriverCommandExecutor.java:167)
	at org.openqa.selenium.remote.service.DriverCommandExecutor.execute(DriverCommandExecutor.java:142)
	at org.openqa.selenium.remote.RemoteWebDriver.execute(RemoteWebDriver.java:567)
	at org.openqa.selenium.remote.RemoteWebDriver.perform(RemoteWebDriver.java:635)
	at org.openqa.selenium.interactions.Actions$BuiltAction.perform(Actions.java:656)
	at com.mystore.actiondriver.Action.click(Action.java:79)
	at com.mystore.pageobject.IndexPage.ClickSignBtn(IndexPage.java:30)
	at com.mystore.testcases.LoginPageTest.LoginTest(LoginPageTest.java:45)
Caused by: java.lang.reflect.InvocationTargetException
	at java.base/jdk.internal.reflect.NativeMethodAccessorImpl.invoke0(Native Method)
	at java.base/jdk.internal.reflect.NativeMethodAccessorImpl.invoke(NativeMethodAccessorImpl.java:64)
	at java.base/jdk.internal.reflect.DelegatingMethodAccessorImpl.invoke(DelegatingMethodAccessorImpl.java:43)
	at java.base/java.lang.reflect.Method.invoke(Method.java:564)
	at org.openqa.selenium.json.JsonOutput.convertUsingMethod(JsonOutput.java:358)
	... 70 more
Caused by: org.openqa.selenium.NoSuchElementException: no such element: Unable to locate element: {&quot;method&quot;:&quot;xpath&quot;,&quot;selector&quot;:&quot;//a[normalize-space()=&apos;Sign in&apos;]&quot;}
  (Session info: chrome=103.0.5060.114)
For documentation on this error, please visit: https://selenium.dev/exceptions/#no_such_element
Build info: version: &apos;4.1.4&apos;, revision: &apos;535d840ee2&apos;
System info: host: &apos;LV8CC73Z2&apos;, ip: &apos;172.19.176.1&apos;, os.name: &apos;Windows 10&apos;, os.arch: &apos;amd64&apos;, os.version: &apos;10.0&apos;, java.version: &apos;15.0.1&apos;
Driver info: org.openqa.selenium.chrome.ChromeDriver
Command: [fd8de30fa1094792dacc80442135aec0, findElement {using=xpath, value=//a[normalize-space()=&apos;Sign in&apos;]}]
Capabilities {acceptInsecureCerts: false, browserName: chrome, browserVersion: 103.0.5060.114, chrome: {chromedriverVersion: 103.0.5060.53 (a1711811edd7..., userDataDir: C:\Users\i25690\AppData\Loc...}, goog:chromeOptions: {debuggerAddress: localhost:61480}, javascriptEnabled: true, networkConnectionEnabled: false, pageLoadStrategy: normal, platform: WINDOWS, platformName: WINDOWS, proxy: Proxy(), se:cdp: ws://localhost:61480/devtoo..., se:cdpVersion: 103.0.5060.114, setWindowRect: true, strictFileInteractability: false, timeouts: {implicit: 0, pageLoad: 300000, script: 30000}, unhandledPromptBehavior: dismiss and notify, webauthn:extension:credBlob: true, webauthn:extension:largeBlob: true, webauthn:virtualAuthenticators: true}
Session ID: fd8de30fa1094792dacc80442135aec0
	at java.base/jdk.internal.reflect.NativeConstructorAccessorImpl.newInstance0(Native Method)
	at java.base/jdk.internal.reflect.NativeConstructorAccessorImpl.newInstance(NativeConstructorAccessorImpl.java:64)
	at java.base/jdk.internal.reflect.DelegatingConstructorAccessorImpl.newInstance(DelegatingConstructorAccessorImpl.java:45)
	at java.base/java.lang.reflect.Constructor.newInstanceWithCaller(Constructor.java:500)
	at java.base/java.lang.reflect.Constructor.newInstance(Constructor.java:481)
	at org.openqa.selenium.remote.codec.w3c.W3CHttpResponseCodec.createException(W3CHttpResponseCodec.java:200)
	at org.openqa.selenium.remote.codec.w3c.W3CHttpResponseCodec.decode(W3CHttpResponseCodec.java:133)
	at org.openqa.selenium.remote.codec.w3c.W3CHttpResponseCodec.decode(W3CHttpResponseCodec.java:53)
	at org.openqa.selenium.remote.HttpCommandExecutor.execute(HttpCommandExecutor.java:184)
	at org.openqa.selenium.remote.service.DriverCommandExecutor.invokeExecute(DriverCommandExecutor.java:167)
	at org.openqa.selenium.remote.service.DriverCommandExecutor.execute(DriverCommandExecutor.java:142)
	at org.openqa.selenium.remote.RemoteWebDriver.execute(RemoteWebDriver.java:567)
	at org.openqa.selenium.remote.ElementLocation$ElementFinder$2.findElement(ElementLocation.java:162)
	at org.openqa.selenium.remote.ElementLocation.findElement(ElementLocation.java:60)
	at org.openqa.selenium.remote.RemoteWebDriver.findElement(RemoteWebDriver.java:385)
	at org.openqa.selenium.remote.RemoteWebDriver.findElement(RemoteWebDriver.java:377)
	at org.openqa.selenium.support.pagefactory.DefaultElementLocator.findElement(DefaultElementLocator.java:70)
	at org.openqa.selenium.support.pagefactory.internal.LocatingElementHandler.invoke(LocatingElementHandler.java:39)
	at com.sun.proxy.$Proxy13.getWrappedElement(Unknown Source)
	at org.openqa.selenium.interactions.PointerInput$Origin.asArg(PointerInput.java:234)
	at org.openqa.selenium.interactions.PointerInput$Move.encode(PointerInput.java:185)
	at org.openqa.selenium.interactions.Sequence.encode(Sequence.java:73)
	at org.openqa.selenium.interactions.Sequence.toJson(Sequence.java:82)
	... 75 more
</failure>
    <system-err>[main] INFO io.github.bonigarcia.wdm.WebDriverManager - Using chromedriver 103.0.5060.53 (resolved driver for Chrome 103)
[main] INFO io.github.bonigarcia.wdm.WebDriverManager - Exporting webdriver.chrome.driver as C:\Users\i25690\.cache\selenium\chromedriver\win32\103.0.5060.53\chromedriver.exe
Starting ChromeDriver 103.0.5060.53 (a1711811edd74ff1cf2150f36ffa3b0dae40b17f-refs/branch-heads/5060@{#853}) on port 57688
Only local connections are allowed.
Please see https://chromedriver.chromium.org/security-considerations for suggestions on keeping ChromeDriver safe.
ChromeDriver was started successfully.
Jul 12, 2022 7:30:27 PM org.openqa.selenium.remote.ProtocolHandshake createSession
INFO: Detected dialect: W3C
Jul 12, 2022 7:30:27 PM org.openqa.selenium.devtools.CdpVersionFinder findNearestMatch
WARNING: Unable to find an exact match for CDP version 103, so returning the closest version found: 101
Jul 12, 2022 7:30:27 PM org.openqa.selenium.devtools.CdpVersionFinder findNearestMatch
INFO: Found CDP implementation for version 103 of 101
</system-err>
  </testcase>
  <testcase classname="com.mystore.testcases.OrderPageTest" name="Verifyproceedtocheckout" time="3.446">
    <failure message="unknown error: unexpected command response
  (Session info: chrome=103.0.5060.114)
Build info: version: &apos;4.1.4&apos;, revision: &apos;535d840ee2&apos;
System info: host: &apos;LV8CC73Z2&apos;, ip: &apos;172.19.176.1&apos;, os.name: &apos;Windows 10&apos;, os.arch: &apos;amd64&apos;, os.version: &apos;10.0&apos;, java.version: &apos;15.0.1&apos;
Driver info: org.openqa.selenium.chrome.ChromeDriver
Command: [db37638efd3e44e8e8cde131020d68d8, actions {actions=[org.openqa.selenium.interactions.Sequence@58f4b31a]}]
Capabilities {acceptInsecureCerts: false, browserName: chrome, browserVersion: 103.0.5060.114, chrome: {chromedriverVersion: 103.0.5060.53 (a1711811edd7..., userDataDir: C:\Users\i25690\AppData\Loc...}, goog:chromeOptions: {debuggerAddress: localhost:61515}, javascriptEnabled: true, networkConnectionEnabled: false, pageLoadStrategy: normal, platform: WINDOWS, platformName: WINDOWS, proxy: Proxy(), se:cdp: ws://localhost:61515/devtoo..., se:cdpVersion: 103.0.5060.114, setWindowRect: true, strictFileInteractability: false, timeouts: {implicit: 0, pageLoad: 300000, script: 30000}, unhandledPromptBehavior: dismiss and notify, webauthn:extension:credBlob: true, webauthn:extension:largeBlob: true, webauthn:virtualAuthenticators: true}
Session ID: db37638efd3e44e8e8cde131020d68d8" type="org.openqa.selenium.WebDriverException">org.openqa.selenium.WebDriverException: unknown error: unexpected command response
  (Session info: chrome=103.0.5060.114)
Build info: version: &apos;4.1.4&apos;, revision: &apos;535d840ee2&apos;
System info: host: &apos;LV8CC73Z2&apos;, ip: &apos;172.19.176.1&apos;, os.name: &apos;Windows 10&apos;, os.arch: &apos;amd64&apos;, os.version: &apos;10.0&apos;, java.version: &apos;15.0.1&apos;
Driver info: org.openqa.selenium.chrome.ChromeDriver
Command: [db37638efd3e44e8e8cde131020d68d8, actions {actions=[org.openqa.selenium.interactions.Sequence@58f4b31a]}]
Capabilities {acceptInsecureCerts: false, browserName: chrome, browserVersion: 103.0.5060.114, chrome: {chromedriverVersion: 103.0.5060.53 (a1711811edd7..., userDataDir: C:\Users\i25690\AppData\Loc...}, goog:chromeOptions: {debuggerAddress: localhost:61515}, javascriptEnabled: true, networkConnectionEnabled: false, pageLoadStrategy: normal, platform: WINDOWS, platformName: WINDOWS, proxy: Proxy(), se:cdp: ws://localhost:61515/devtoo..., se:cdpVersion: 103.0.5060.114, setWindowRect: true, strictFileInteractability: false, timeouts: {implicit: 0, pageLoad: 300000, script: 30000}, unhandledPromptBehavior: dismiss and notify, webauthn:extension:credBlob: true, webauthn:extension:largeBlob: true, webauthn:virtualAuthenticators: true}
Session ID: db37638efd3e44e8e8cde131020d68d8
	at java.base/jdk.internal.reflect.NativeConstructorAccessorImpl.newInstance0(Native Method)
	at java.base/jdk.internal.reflect.NativeConstructorAccessorImpl.newInstance(NativeConstructorAccessorImpl.java:64)
	at java.base/jdk.internal.reflect.DelegatingConstructorAccessorImpl.newInstance(DelegatingConstructorAccessorImpl.java:45)
	at java.base/java.lang.reflect.Constructor.newInstanceWithCaller(Constructor.java:500)
	at java.base/java.lang.reflect.Constructor.newInstance(Constructor.java:481)
	at org.openqa.selenium.remote.codec.w3c.W3CHttpResponseCodec.createException(W3CHttpResponseCodec.java:200)
	at org.openqa.selenium.remote.codec.w3c.W3CHttpResponseCodec.decode(W3CHttpResponseCodec.java:133)
	at org.openqa.selenium.remote.codec.w3c.W3CHttpResponseCodec.decode(W3CHttpResponseCodec.java:53)
	at org.openqa.selenium.remote.HttpCommandExecutor.execute(HttpCommandExecutor.java:184)
	at org.openqa.selenium.remote.service.DriverCommandExecutor.invokeExecute(DriverCommandExecutor.java:167)
	at org.openqa.selenium.remote.service.DriverCommandExecutor.execute(DriverCommandExecutor.java:142)
	at org.openqa.selenium.remote.RemoteWebDriver.execute(RemoteWebDriver.java:567)
	at org.openqa.selenium.remote.RemoteWebDriver.perform(RemoteWebDriver.java:635)
	at org.openqa.selenium.interactions.Actions$BuiltAction.perform(Actions.java:656)
	at com.mystore.actiondriver.Action.click(Action.java:79)
	at com.mystore.pageobject.IndexPage.SearchElement(IndexPage.java:45)
	at com.mystore.testcases.OrderPageTest.Verifyproceedtocheckout(OrderPageTest.java:35)
</failure>
    <system-out>Successfully entered value
</system-out>
    <system-err>[main] INFO io.github.bonigarcia.wdm.WebDriverManager - Using chromedriver 103.0.5060.53 (resolved driver for Chrome 103)
[main] INFO io.github.bonigarcia.wdm.WebDriverManager - Exporting webdriver.chrome.driver as C:\Users\i25690\.cache\selenium\chromedriver\win32\103.0.5060.53\chromedriver.exe
Starting ChromeDriver 103.0.5060.53 (a1711811edd74ff1cf2150f36ffa3b0dae40b17f-refs/branch-heads/5060@{#853}) on port 61650
Only local connections are allowed.
Please see https://chromedriver.chromium.org/security-considerations for suggestions on keeping ChromeDriver safe.
ChromeDriver was started successfully.
Jul 12, 2022 7:30:40 PM org.openqa.selenium.remote.ProtocolHandshake createSession
INFO: Detected dialect: W3C
Jul 12, 2022 7:30:40 PM org.openqa.selenium.devtools.CdpVersionFinder findNearestMatch
WARNING: Unable to find an exact match for CDP version 103, so returning the closest version found: 101
Jul 12, 2022 7:30:40 PM org.openqa.selenium.devtools.CdpVersionFinder findNearestMatch
INFO: Found CDP implementation for version 103 of 101
</system-err>
  </testcase>
  <testcase classname="com.mystore.testcases.RegistrationPageTest" name="verifyCreateAccountPageTest" time="2.828">
    <failure message="unknown error: unexpected command response
  (Session info: chrome=103.0.5060.114)
Build info: version: &apos;4.1.4&apos;, revision: &apos;535d840ee2&apos;
System info: host: &apos;LV8CC73Z2&apos;, ip: &apos;172.19.176.1&apos;, os.name: &apos;Windows 10&apos;, os.arch: &apos;amd64&apos;, os.version: &apos;10.0&apos;, java.version: &apos;15.0.1&apos;
Driver info: org.openqa.selenium.chrome.ChromeDriver
Command: [0818650e7dcb39f2e1994d5707fadf4d, actions {actions=[org.openqa.selenium.interactions.Sequence@46e190ed]}]
Capabilities {acceptInsecureCerts: false, browserName: chrome, browserVersion: 103.0.5060.114, chrome: {chromedriverVersion: 103.0.5060.53 (a1711811edd7..., userDataDir: C:\Users\i25690\AppData\Loc...}, goog:chromeOptions: {debuggerAddress: localhost:61547}, javascriptEnabled: true, networkConnectionEnabled: false, pageLoadStrategy: normal, platform: WINDOWS, platformName: WINDOWS, proxy: Proxy(), se:cdp: ws://localhost:61547/devtoo..., se:cdpVersion: 103.0.5060.114, setWindowRect: true, strictFileInteractability: false, timeouts: {implicit: 0, pageLoad: 300000, script: 30000}, unhandledPromptBehavior: dismiss and notify, webauthn:extension:credBlob: true, webauthn:extension:largeBlob: true, webauthn:virtualAuthenticators: true}
Session ID: 0818650e7dcb39f2e1994d5707fadf4d" type="org.openqa.selenium.WebDriverException">org.openqa.selenium.WebDriverException: unknown error: unexpected command response
  (Session info: chrome=103.0.5060.114)
Build info: version: &apos;4.1.4&apos;, revision: &apos;535d840ee2&apos;
System info: host: &apos;LV8CC73Z2&apos;, ip: &apos;172.19.176.1&apos;, os.name: &apos;Windows 10&apos;, os.arch: &apos;amd64&apos;, os.version: &apos;10.0&apos;, java.version: &apos;15.0.1&apos;
Driver info: org.openqa.selenium.chrome.ChromeDriver
Command: [0818650e7dcb39f2e1994d5707fadf4d, actions {actions=[org.openqa.selenium.interactions.Sequence@46e190ed]}]
Capabilities {acceptInsecureCerts: false, browserName: chrome, browserVersion: 103.0.5060.114, chrome: {chromedriverVersion: 103.0.5060.53 (a1711811edd7..., userDataDir: C:\Users\i25690\AppData\Loc...}, goog:chromeOptions: {debuggerAddress: localhost:61547}, javascriptEnabled: true, networkConnectionEnabled: false, pageLoadStrategy: normal, platform: WINDOWS, platformName: WINDOWS, proxy: Proxy(), se:cdp: ws://localhost:61547/devtoo..., se:cdpVersion: 103.0.5060.114, setWindowRect: true, strictFileInteractability: false, timeouts: {implicit: 0, pageLoad: 300000, script: 30000}, unhandledPromptBehavior: dismiss and notify, webauthn:extension:credBlob: true, webauthn:extension:largeBlob: true, webauthn:virtualAuthenticators: true}
Session ID: 0818650e7dcb39f2e1994d5707fadf4d
	at java.base/jdk.internal.reflect.NativeConstructorAccessorImpl.newInstance0(Native Method)
	at java.base/jdk.internal.reflect.NativeConstructorAccessorImpl.newInstance(NativeConstructorAccessorImpl.java:64)
	at java.base/jdk.internal.reflect.DelegatingConstructorAccessorImpl.newInstance(DelegatingConstructorAccessorImpl.java:45)
	at java.base/java.lang.reflect.Constructor.newInstanceWithCaller(Constructor.java:500)
	at java.base/java.lang.reflect.Constructor.newInstance(Constructor.java:481)
	at org.openqa.selenium.remote.codec.w3c.W3CHttpResponseCodec.createException(W3CHttpResponseCodec.java:200)
	at org.openqa.selenium.remote.codec.w3c.W3CHttpResponseCodec.decode(W3CHttpResponseCodec.java:133)
	at org.openqa.selenium.remote.codec.w3c.W3CHttpResponseCodec.decode(W3CHttpResponseCodec.java:53)
	at org.openqa.selenium.remote.HttpCommandExecutor.execute(HttpCommandExecutor.java:184)
	at org.openqa.selenium.remote.service.DriverCommandExecutor.invokeExecute(DriverCommandExecutor.java:167)
	at org.openqa.selenium.remote.service.DriverCommandExecutor.execute(DriverCommandExecutor.java:142)
	at org.openqa.selenium.remote.RemoteWebDriver.execute(RemoteWebDriver.java:567)
	at org.openqa.selenium.remote.RemoteWebDriver.perform(RemoteWebDriver.java:635)
	at org.openqa.selenium.interactions.Actions$BuiltAction.perform(Actions.java:656)
	at com.mystore.actiondriver.Action.click(Action.java:79)
	at com.mystore.pageobject.IndexPage.ClickSignBtn(IndexPage.java:30)
	at com.mystore.testcases.RegistrationPageTest.verifyCreateAccountPageTest(RegistrationPageTest.java:44)
</failure>
    <system-err>[main] INFO io.github.bonigarcia.wdm.WebDriverManager - Using chromedriver 103.0.5060.53 (resolved driver for Chrome 103)
[main] INFO io.github.bonigarcia.wdm.WebDriverManager - Exporting webdriver.chrome.driver as C:\Users\i25690\.cache\selenium\chromedriver\win32\103.0.5060.53\chromedriver.exe
Starting ChromeDriver 103.0.5060.53 (a1711811edd74ff1cf2150f36ffa3b0dae40b17f-refs/branch-heads/5060@{#853}) on port 61929
Only local connections are allowed.
Please see https://chromedriver.chromium.org/security-considerations for suggestions on keeping ChromeDriver safe.
ChromeDriver was started successfully.
Jul 12, 2022 7:30:56 PM org.openqa.selenium.remote.ProtocolHandshake createSession
INFO: Detected dialect: W3C
Jul 12, 2022 7:30:56 PM org.openqa.selenium.devtools.CdpVersionFinder findNearestMatch
WARNING: Unable to find an exact match for CDP version 103, so returning the closest version found: 101
Jul 12, 2022 7:30:56 PM org.openqa.selenium.devtools.CdpVersionFinder findNearestMatch
INFO: Found CDP implementation for version 103 of 101
</system-err>
  </testcase>
  <testcase classname="com.mystore.testcases.SearchResultPageTest" name="productavaliabilitytest" time="2.699">
    <failure message="unknown error: unexpected command response
  (Session info: chrome=103.0.5060.114)
Build info: version: &apos;4.1.4&apos;, revision: &apos;535d840ee2&apos;
System info: host: &apos;LV8CC73Z2&apos;, ip: &apos;172.19.176.1&apos;, os.name: &apos;Windows 10&apos;, os.arch: &apos;amd64&apos;, os.version: &apos;10.0&apos;, java.version: &apos;15.0.1&apos;
Driver info: org.openqa.selenium.chrome.ChromeDriver
Command: [a0ebf272d11f53db5353a2039dfd431a, actions {actions=[org.openqa.selenium.interactions.Sequence@2272cbb0]}]
Capabilities {acceptInsecureCerts: false, browserName: chrome, browserVersion: 103.0.5060.114, chrome: {chromedriverVersion: 103.0.5060.53 (a1711811edd7..., userDataDir: C:\Users\i25690\AppData\Loc...}, goog:chromeOptions: {debuggerAddress: localhost:61588}, javascriptEnabled: true, networkConnectionEnabled: false, pageLoadStrategy: normal, platform: WINDOWS, platformName: WINDOWS, proxy: Proxy(), se:cdp: ws://localhost:61588/devtoo..., se:cdpVersion: 103.0.5060.114, setWindowRect: true, strictFileInteractability: false, timeouts: {implicit: 0, pageLoad: 300000, script: 30000}, unhandledPromptBehavior: dismiss and notify, webauthn:extension:credBlob: true, webauthn:extension:largeBlob: true, webauthn:virtualAuthenticators: true}
Session ID: a0ebf272d11f53db5353a2039dfd431a" type="org.openqa.selenium.WebDriverException">org.openqa.selenium.WebDriverException: unknown error: unexpected command response
  (Session info: chrome=103.0.5060.114)
Build info: version: &apos;4.1.4&apos;, revision: &apos;535d840ee2&apos;
System info: host: &apos;LV8CC73Z2&apos;, ip: &apos;172.19.176.1&apos;, os.name: &apos;Windows 10&apos;, os.arch: &apos;amd64&apos;, os.version: &apos;10.0&apos;, java.version: &apos;15.0.1&apos;
Driver info: org.openqa.selenium.chrome.ChromeDriver
Command: [a0ebf272d11f53db5353a2039dfd431a, actions {actions=[org.openqa.selenium.interactions.Sequence@2272cbb0]}]
Capabilities {acceptInsecureCerts: false, browserName: chrome, browserVersion: 103.0.5060.114, chrome: {chromedriverVersion: 103.0.5060.53 (a1711811edd7..., userDataDir: C:\Users\i25690\AppData\Loc...}, goog:chromeOptions: {debuggerAddress: localhost:61588}, javascriptEnabled: true, networkConnectionEnabled: false, pageLoadStrategy: normal, platform: WINDOWS, platformName: WINDOWS, proxy: Proxy(), se:cdp: ws://localhost:61588/devtoo..., se:cdpVersion: 103.0.5060.114, setWindowRect: true, strictFileInteractability: false, timeouts: {implicit: 0, pageLoad: 300000, script: 30000}, unhandledPromptBehavior: dismiss and notify, webauthn:extension:credBlob: true, webauthn:extension:largeBlob: true, webauthn:virtualAuthenticators: true}
Session ID: a0ebf272d11f53db5353a2039dfd431a
	at java.base/jdk.internal.reflect.NativeConstructorAccessorImpl.newInstance0(Native Method)
	at java.base/jdk.internal.reflect.NativeConstructorAccessorImpl.newInstance(NativeConstructorAccessorImpl.java:64)
	at java.base/jdk.internal.reflect.DelegatingConstructorAccessorImpl.newInstance(DelegatingConstructorAccessorImpl.java:45)
	at java.base/java.lang.reflect.Constructor.newInstanceWithCaller(Constructor.java:500)
	at java.base/java.lang.reflect.Constructor.newInstance(Constructor.java:481)
	at org.openqa.selenium.remote.codec.w3c.W3CHttpResponseCodec.createException(W3CHttpResponseCodec.java:200)
	at org.openqa.selenium.remote.codec.w3c.W3CHttpResponseCodec.decode(W3CHttpResponseCodec.java:133)
	at org.openqa.selenium.remote.codec.w3c.W3CHttpResponseCodec.decode(W3CHttpResponseCodec.java:53)
	at org.openqa.selenium.remote.HttpCommandExecutor.execute(HttpCommandExecutor.java:184)
	at org.openqa.selenium.remote.service.DriverCommandExecutor.invokeExecute(DriverCommandExecutor.java:167)
	at org.openqa.selenium.remote.service.DriverCommandExecutor.execute(DriverCommandExecutor.java:142)
	at org.openqa.selenium.remote.RemoteWebDriver.execute(RemoteWebDriver.java:567)
	at org.openqa.selenium.remote.RemoteWebDriver.perform(RemoteWebDriver.java:635)
	at org.openqa.selenium.interactions.Actions$BuiltAction.perform(Actions.java:656)
	at com.mystore.actiondriver.Action.click(Action.java:79)
	at com.mystore.pageobject.IndexPage.SearchElement(IndexPage.java:45)
	at com.mystore.testcases.SearchResultPageTest.productavaliabilitytest(SearchResultPageTest.java:46)
</failure>
    <system-out>Successfully entered value
</system-out>
    <system-err>[main] INFO io.github.bonigarcia.wdm.WebDriverManager - Using chromedriver 103.0.5060.53 (resolved driver for Chrome 103)
[main] INFO io.github.bonigarcia.wdm.WebDriverManager - Exporting webdriver.chrome.driver as C:\Users\i25690\.cache\selenium\chromedriver\win32\103.0.5060.53\chromedriver.exe
Starting ChromeDriver 103.0.5060.53 (a1711811edd74ff1cf2150f36ffa3b0dae40b17f-refs/branch-heads/5060@{#853}) on port 65419
Only local connections are allowed.
Please see https://chromedriver.chromium.org/security-considerations for suggestions on keeping ChromeDriver safe.
ChromeDriver was started successfully.
Jul 12, 2022 7:31:09 PM org.openqa.selenium.remote.ProtocolHandshake createSession
INFO: Detected dialect: W3C
Jul 12, 2022 7:31:09 PM org.openqa.selenium.devtools.CdpVersionFinder findNearestMatch
WARNING: Unable to find an exact match for CDP version 103, so returning the closest version found: 101
Jul 12, 2022 7:31:09 PM org.openqa.selenium.devtools.CdpVersionFinder findNearestMatch
INFO: Found CDP implementation for version 103 of 101
</system-err>
  </testcase>
</testsuite>